{
  "RSpec": {
    "coverage": {
      "/home/alex/arg/bookstore/spec/controllers/books_controller_spec.rb": [
        null,
        null,
        1,
        1,
        7,
        2,
        2,
        7,
        null,
        1,
        1,
        1,
        null,
        null,
        1,
        1,
        null,
        null,
        1,
        1,
        null,
        null,
        1,
        1,
        null,
        null,
        1,
        1,
        null,
        null,
        1,
        1,
        null,
        null,
        null,
        1,
        5,
        2,
        5,
        null,
        1,
        1,
        null,
        null,
        1,
        1,
        null,
        null,
        1,
        1,
        null,
        null,
        1,
        1,
        null,
        null,
        null
      ],
      "/home/alex/arg/bookstore/app/controllers/books_controller.rb": [
        null,
        null,
        1,
        1,
        45,
        45,
        null,
        null,
        1,
        32,
        32,
        null,
        32,
        null,
        null
      ],
      "/home/alex/arg/bookstore/spec/controllers/home_controller_spec.rb": [
        null,
        null,
        1,
        1,
        8,
        null,
        1,
        1,
        null,
        null,
        1,
        1,
        null,
        null,
        1,
        1,
        null,
        null,
        1,
        1,
        null,
        null,
        1,
        1,
        null,
        null,
        1,
        1,
        null,
        null,
        1,
        1,
        null,
        null,
        null
      ],
      "/home/alex/arg/bookstore/app/controllers/home_controller.rb": [
        null,
        null,
        1,
        1,
        46,
        46,
        null,
        null
      ],
      "/home/alex/arg/bookstore/spec/controllers/registrations_controller_spec.rb": [
        null,
        null,
        1,
        1,
        7,
        null,
        null,
        1,
        2,
        null,
        1,
        1,
        1,
        1,
        1,
        1,
        1,
        null,
        null,
        2,
        null,
        null,
        1,
        1,
        1,
        1,
        null,
        null,
        1,
        1,
        1,
        1,
        1,
        1,
        1,
        null,
        null,
        1,
        4,
        1,
        1,
        null,
        null,
        null,
        null,
        4,
        null,
        1,
        1,
        1,
        1,
        null,
        null,
        1,
        1,
        2,
        2,
        2,
        null,
        null,
        null,
        1,
        1,
        null,
        null,
        null,
        null
      ],
      "/home/alex/arg/bookstore/app/controllers/registrations_controller.rb": [
        null,
        null,
        1,
        1,
        null,
        1,
        4,
        null,
        3,
        3,
        2,
        null,
        1,
        1,
        null,
        null,
        1,
        11,
        8,
        null,
        4,
        4,
        null,
        null,
        1,
        null,
        1,
        4,
        null,
        null,
        1,
        8,
        null,
        null,
        1,
        31,
        null,
        null,
        1,
        3,
        null,
        null,
        1,
        42,
        null,
        null,
        null,
        1,
        3,
        null,
        1,
        null,
        null,
        1,
        2,
        null,
        null
      ],
      "/home/alex/arg/bookstore/spec/controllers/reviews_controller_spec.rb": [
        null,
        null,
        1,
        1,
        14,
        14,
        14,
        1,
        13,
        13,
        null,
        null,
        2,
        null,
        1,
        1,
        null,
        null,
        1,
        1,
        null,
        null,
        1,
        1,
        null,
        null,
        1,
        1,
        null,
        null,
        2,
        null,
        1,
        1,
        null,
        null,
        null,
        1,
        1,
        null,
        null,
        1,
        6,
        null,
        1,
        1,
        null,
        null,
        1,
        1,
        null,
        null,
        1,
        1,
        null,
        null,
        1,
        1,
        null,
        null,
        2,
        null,
        null,
        null
      ],
      "/home/alex/arg/bookstore/app/controllers/reviews_controller.rb": [
        null,
        null,
        1,
        1,
        1,
        null,
        1,
        22,
        22,
        null,
        7,
        7,
        null,
        null,
        1,
        null,
        1,
        7,
        7,
        7,
        null,
        null,
        1,
        38,
        null,
        null
      ],
      "/home/alex/arg/bookstore/spec/decorators/book_decorator_spec.rb": [
        null,
        null,
        1,
        4,
        4,
        null,
        1,
        1,
        1,
        null,
        null,
        1,
        1,
        null,
        1,
        null,
        null,
        null,
        1,
        1,
        1,
        null,
        null,
        null,
        1,
        2,
        1,
        5,
        1,
        null,
        null,
        null
      ],
      "/home/alex/arg/bookstore/app/decorators/book_decorator.rb": [
        null,
        null,
        1,
        1,
        null,
        1,
        1980,
        1,
        null,
        1979,
        null,
        null,
        null,
        1,
        627,
        null,
        null,
        1,
        210,
        null,
        null
      ],
      "/home/alex/arg/bookstore/spec/decorators/review_decorator_spec.rb": [
        null,
        null,
        1,
        10,
        2,
        null,
        1,
        1,
        1,
        null,
        null,
        null,
        1,
        1,
        1,
        null,
        null,
        1,
        1,
        1,
        1,
        null,
        null,
        null,
        1,
        1,
        1,
        null,
        null,
        null,
        1,
        1,
        6,
        6,
        null,
        null,
        null,
        1,
        5,
        5,
        5,
        null,
        null,
        null,
        null
      ],
      "/home/alex/arg/bookstore/app/decorators/review_decorator.rb": [
        null,
        null,
        1,
        1,
        1,
        null,
        1,
        1,
        null,
        null,
        1,
        124,
        null,
        null,
        1,
        63,
        null,
        null,
        1,
        31,
        null,
        15,
        null,
        null,
        1,
        null,
        1,
        123,
        123,
        null,
        null,
        1,
        247,
        null,
        1,
        null,
        null
      ],
      "/home/alex/arg/bookstore/spec/features/book_spec.rb": [
        null,
        null,
        1,
        19,
        1,
        18,
        null,
        null,
        1,
        1,
        null,
        1,
        7,
        null,
        1,
        null,
        null,
        1,
        1,
        1,
        null,
        null,
        1,
        1,
        1,
        1,
        null,
        null,
        1,
        1,
        1,
        null,
        null,
        1,
        1,
        1,
        1,
        null,
        null,
        2,
        null,
        null,
        1,
        3,
        null,
        1,
        1,
        null,
        null,
        1,
        1,
        2,
        10,
        null,
        null,
        null,
        null,
        2,
        null,
        1,
        1,
        null,
        null,
        1,
        2,
        2,
        null,
        null,
        null,
        2,
        2,
        2,
        null,
        null,
        1,
        4,
        1,
        3,
        3,
        null,
        null,
        1,
        1,
        1,
        1,
        null,
        1,
        1,
        1,
        1,
        null,
        null,
        1,
        2,
        1,
        1,
        1,
        null,
        null,
        1,
        1,
        1,
        1,
        null,
        1,
        1,
        null,
        null,
        null
      ],
      "/home/alex/arg/bookstore/spec/features/books_spec.rb": [
        null,
        null,
        1,
        15,
        4,
        1,
        14,
        14,
        null,
        null,
        1,
        1,
        1,
        48,
        12,
        null,
        null,
        null,
        1,
        1,
        null,
        null,
        1,
        1,
        1,
        null,
        null,
        1,
        1,
        1,
        null,
        null,
        1,
        1,
        1,
        null,
        null,
        1,
        1,
        4,
        null,
        null,
        null,
        1,
        1,
        null,
        null,
        null,
        1,
        8,
        1,
        7,
        null,
        null,
        1,
        1,
        null,
        null,
        1,
        6,
        6,
        6,
        null,
        null,
        null,
        null
      ],
      "/home/alex/arg/bookstore/spec/features/cart_spec.rb": [
        null,
        null,
        1,
        1,
        1,
        3,
        null,
        null,
        2,
        null,
        1,
        1,
        null,
        null,
        1,
        1,
        1,
        null,
        null,
        null,
        1,
        14,
        14,
        2,
        1,
        13,
        13,
        null,
        null,
        null,
        1,
        10,
        null,
        null,
        1,
        1,
        1,
        1,
        null,
        1,
        1,
        1,
        null,
        null,
        1,
        1,
        1,
        null,
        null,
        1,
        1,
        null,
        4,
        12,
        12,
        null,
        null,
        null,
        null,
        1,
        1,
        1,
        1,
        null,
        null,
        1,
        1,
        null,
        null,
        1,
        1,
        2,
        1,
        1,
        1,
        1,
        1,
        null,
        null,
        1,
        1,
        1,
        1,
        1,
        1,
        null,
        null,
        1,
        1,
        1,
        1,
        1,
        1,
        null,
        null,
        null
      ],
      "/home/alex/arg/bookstore/spec/features/checkouts_spec.rb": [
        null,
        null,
        1,
        44,
        1,
        43,
        null,
        null,
        1,
        3,
        3,
        null,
        1,
        1,
        1,
        1,
        1,
        1,
        1,
        1,
        1,
        null,
        1,
        1,
        1,
        null,
        null,
        1,
        null,
        null,
        1,
        6,
        null,
        null,
        null,
        null,
        1,
        3,
        1,
        2,
        2,
        2,
        null,
        null,
        1,
        1,
        1,
        1,
        null,
        null,
        1,
        1,
        4,
        12,
        null,
        null,
        null,
        null,
        null,
        1,
        1,
        1,
        1,
        1,
        1,
        null,
        null,
        1,
        1,
        1,
        1,
        1,
        1,
        1,
        null,
        null,
        null,
        1,
        28,
        1,
        38,
        38,
        null,
        null,
        1,
        1,
        1,
        null,
        null,
        1,
        12,
        12,
        null,
        1,
        4,
        null,
        1,
        4,
        null,
        null,
        null,
        1,
        8,
        null,
        null,
        1,
        1,
        null,
        4,
        12,
        12,
        null,
        null,
        null,
        null,
        1,
        1,
        1,
        null,
        null,
        1,
        1,
        1,
        null,
        1,
        1,
        1,
        null,
        null,
        1,
        1,
        1,
        1,
        null,
        null,
        1,
        null,
        null,
        null,
        1,
        8,
        null,
        null,
        null,
        1,
        12,
        1,
        11,
        11,
        null,
        null,
        1,
        1,
        1,
        null,
        null,
        1,
        12,
        null,
        null,
        1,
        null,
        1,
        4,
        null,
        null,
        null,
        1,
        1,
        null,
        4,
        12,
        12,
        null,
        null,
        null,
        null,
        1,
        1,
        1,
        1,
        null,
        null,
        1,
        null,
        null,
        null,
        1,
        8,
        null,
        null,
        null,
        null,
        null
      ],
      "/home/alex/arg/bookstore/spec/features/home_spec.rb": [
        null,
        null,
        1,
        28,
        2,
        3,
        1,
        27,
        null,
        null,
        1,
        null,
        1,
        3,
        6,
        3,
        null,
        null,
        null,
        1,
        2,
        1,
        null,
        null,
        1,
        2,
        1,
        null,
        null,
        1,
        2,
        2,
        16,
        8,
        null,
        null,
        null,
        null,
        1,
        1,
        1,
        null,
        null,
        1,
        1,
        1,
        null,
        null,
        1,
        1,
        1,
        null,
        null,
        1,
        1,
        1,
        null,
        null,
        null,
        1,
        1,
        4,
        4,
        null,
        null,
        null,
        null,
        1,
        5,
        1,
        4,
        4,
        null,
        null,
        1,
        2,
        2,
        2,
        null,
        null,
        null,
        1,
        1,
        1,
        null,
        null,
        1,
        null,
        1,
        6,
        3,
        null,
        null,
        null,
        null,
        1,
        1,
        1,
        2,
        null,
        null,
        null,
        1,
        1,
        9,
        3,
        null,
        null,
        null,
        1,
        1,
        16,
        4,
        null,
        null,
        null,
        2,
        2,
        null,
        null,
        1,
        2,
        1,
        1,
        1,
        null,
        2,
        null,
        null,
        1,
        1,
        1,
        1,
        1,
        1,
        null,
        1,
        1,
        null,
        null,
        1,
        1,
        1,
        1,
        1,
        1,
        null,
        1,
        1,
        1,
        null,
        null
      ],
      "/home/alex/arg/bookstore/spec/features/order_spec.rb": [
        null,
        null,
        1,
        20,
        1,
        19,
        19,
        null,
        null,
        1,
        2,
        null,
        null,
        2,
        12,
        null,
        null,
        null,
        null,
        1,
        1,
        2,
        null,
        null,
        null,
        1,
        1,
        2,
        null,
        null,
        null,
        1,
        1,
        null,
        null,
        null,
        null,
        1,
        8,
        8,
        null,
        null,
        null,
        1,
        1,
        null,
        null,
        1,
        1,
        null,
        null,
        1,
        1,
        null,
        null,
        1,
        1,
        null,
        null,
        1,
        1,
        null,
        4,
        16,
        16,
        null,
        null,
        null,
        null,
        1,
        2,
        1,
        null,
        null
      ],
      "/home/alex/arg/bookstore/spec/features/orders_spec.rb": [
        null,
        null,
        1,
        13,
        13,
        2,
        1,
        12,
        60,
        60,
        null,
        12,
        12,
        null,
        null,
        2,
        null,
        1,
        4,
        4,
        null,
        null,
        null,
        1,
        1,
        null,
        5,
        20,
        null,
        null,
        null,
        null,
        1,
        2,
        1,
        null,
        null,
        1,
        5,
        5,
        5,
        null,
        null,
        null
      ],
      "/home/alex/arg/bookstore/spec/features/settings_spec.rb": [
        null,
        null,
        1,
        19,
        19,
        1,
        18,
        18,
        null,
        null,
        1,
        2,
        2,
        null,
        null,
        null,
        1,
        6,
        null,
        null,
        1,
        1,
        2,
        2,
        2,
        2,
        2,
        2,
        2,
        2,
        2,
        2,
        null,
        2,
        null,
        null,
        2,
        4,
        2,
        2,
        null,
        null,
        null,
        null,
        1,
        1,
        9,
        null,
        null,
        1,
        6,
        null,
        null,
        2,
        null,
        1,
        1,
        1,
        1,
        1,
        null,
        1,
        1,
        1,
        null,
        null,
        1,
        1,
        null,
        null,
        1,
        1,
        1,
        1,
        null,
        1,
        1,
        1,
        1,
        1,
        1,
        null,
        null,
        1,
        1,
        1,
        1,
        1,
        1,
        null,
        1,
        null,
        null,
        1,
        2,
        1,
        null,
        null,
        null
      ],
      "/home/alex/arg/bookstore/spec/mailers/quik_register_mailer_spec.rb": [
        null,
        null,
        1,
        1,
        3,
        3,
        null,
        1,
        1,
        1,
        1,
        null,
        null,
        1,
        null,
        null,
        1,
        3,
        null,
        null,
        null,
        null
      ],
      "/home/alex/arg/bookstore/app/mailers/quik_register_mailer.rb": [
        null,
        null,
        1,
        1,
        null,
        1,
        8,
        8,
        null,
        null
      ],
      "/home/alex/arg/bookstore/app/mailers/application_mailer.rb": [
        null,
        null,
        1,
        1,
        1,
        null
      ],
      "/home/alex/arg/bookstore/spec/models/author_book_spec.rb": [
        null,
        null,
        1,
        1,
        2,
        2,
        null,
        null,
        1,
        2,
        2,
        null,
        null
      ],
      "/home/alex/arg/bookstore/app/models/author_book.rb": [
        null,
        null,
        1,
        1,
        1,
        null
      ],
      "/home/alex/arg/bookstore/spec/models/author_spec.rb": [
        null,
        null,
        1,
        1,
        2,
        2,
        2,
        null,
        null,
        1,
        2,
        2,
        null,
        null,
        1,
        1,
        4,
        null,
        null,
        null
      ],
      "/home/alex/arg/bookstore/spec/models/book_category_spec.rb": [
        null,
        null,
        1,
        1,
        2,
        2,
        null,
        null,
        1,
        2,
        2,
        null,
        null
      ],
      "/home/alex/arg/bookstore/app/models/book_category.rb": [
        null,
        null,
        1,
        1,
        1,
        null
      ],
      "/home/alex/arg/bookstore/spec/models/book_spec.rb": [
        null,
        null,
        1,
        1,
        2,
        2,
        2,
        2,
        2,
        2,
        2,
        2,
        null,
        null,
        1,
        2,
        2,
        2,
        2,
        2,
        2,
        null,
        null,
        1,
        1,
        8,
        null,
        1,
        8,
        null,
        2,
        2,
        null,
        null,
        1,
        1,
        1,
        null,
        1,
        null,
        null,
        null
      ],
      "/home/alex/arg/bookstore/spec/models/category_spec.rb": [
        null,
        null,
        1,
        1,
        2,
        null,
        null,
        1,
        2,
        2,
        null,
        null,
        1,
        2,
        null,
        null
      ],
      "/home/alex/arg/bookstore/spec/models/review_spec.rb": [
        null,
        null,
        1,
        1,
        2,
        2,
        2,
        2,
        2,
        2,
        null,
        null,
        1,
        2,
        2,
        2,
        2,
        null,
        null,
        1,
        1,
        1,
        null,
        null,
        null,
        2,
        2,
        2,
        2,
        null,
        null
      ],
      "/home/alex/arg/bookstore/spec/models/user_spec.rb": [
        null,
        null,
        1,
        1,
        2,
        2,
        2,
        2,
        2,
        2,
        null,
        null,
        1,
        2,
        2,
        2,
        2,
        null,
        null,
        1,
        2,
        2,
        2,
        2,
        null,
        null,
        1,
        1,
        1,
        null,
        1,
        null,
        null,
        null
      ],
      "/home/alex/arg/bookstore/spec/services/book_filter_services_spec.rb": [
        null,
        null,
        1,
        12,
        null,
        1,
        1,
        4,
        20,
        null,
        null,
        null,
        null,
        1,
        1,
        4,
        4,
        null,
        null,
        null,
        1,
        6,
        6,
        6,
        null,
        null,
        null,
        1,
        4,
        4,
        null,
        1,
        1,
        null,
        null,
        1,
        1,
        null,
        null,
        1,
        1,
        null,
        null,
        null
      ],
      "/home/alex/arg/bookstore/app/services/book_filter_services.rb": [
        null,
        null,
        1,
        1,
        null,
        1,
        66,
        null,
        null,
        1,
        66,
        66,
        66,
        null,
        null,
        1,
        17,
        17,
        null,
        null,
        1,
        39,
        null,
        null,
        1,
        39,
        null,
        null,
        1,
        null,
        1,
        66,
        66,
        null,
        36,
        null,
        null,
        null,
        1,
        102,
        null,
        null,
        1,
        123,
        null,
        114,
        null,
        null,
        1,
        105,
        null,
        82,
        null,
        null,
        1,
        17,
        null,
        null
      ],
      "/home/alex/arg/bookstore/spec/services/quik_register_service_spec.rb": [
        null,
        null,
        1,
        1,
        5,
        5,
        null,
        1,
        1,
        null,
        1,
        1,
        null,
        1,
        1,
        null,
        1,
        1,
        null,
        null,
        null,
        1,
        1,
        1,
        null,
        null,
        1,
        1,
        1,
        null,
        null
      ],
      "/home/alex/arg/bookstore/app/services/quik_register_service.rb": [
        null,
        null,
        1,
        1,
        10,
        null,
        null,
        1,
        10,
        null,
        8,
        8,
        8,
        null,
        null,
        1,
        null,
        1,
        10,
        null,
        null,
        1,
        6,
        null,
        null
      ],
      "/home/alex/arg/bookstore/app/models/ability.rb": [
        null,
        null,
        1,
        1,
        null,
        1,
        279,
        279,
        null,
        177,
        9,
        9,
        9,
        9,
        null,
        177,
        177,
        null,
        null
      ]
    },
    "timestamp": 1548798097
  }
}
